Using device: cuda
[128, 512, 512, 512, 512, 512]
Files already downloaded and verified
ConvNet(
  (conv_layer): Sequential(
    (0): Conv2d(3, 128, kernel_size=(3, 3), stride=(1, 1), padding=(1, 1))
    (1): BatchNorm2d(128, eps=1e-05, momentum=0.1, affine=True, track_running_stats=True)
    (2): MaxPool2d(kernel_size=2, stride=2, padding=0, dilation=1, ceil_mode=False)
    (3): ReLU(inplace=True)
    (4): Dropout(p=0.1, inplace=False)
    (5): Conv2d(128, 512, kernel_size=(3, 3), stride=(1, 1), padding=(1, 1))
    (6): BatchNorm2d(512, eps=1e-05, momentum=0.1, affine=True, track_running_stats=True)
    (7): MaxPool2d(kernel_size=2, stride=2, padding=0, dilation=1, ceil_mode=False)
    (8): ReLU(inplace=True)
    (9): Dropout(p=0.1, inplace=False)
    (10): Conv2d(512, 512, kernel_size=(3, 3), stride=(1, 1), padding=(1, 1))
    (11): BatchNorm2d(512, eps=1e-05, momentum=0.1, affine=True, track_running_stats=True)
    (12): MaxPool2d(kernel_size=2, stride=2, padding=0, dilation=1, ceil_mode=False)
    (13): ReLU(inplace=True)
    (14): Dropout(p=0.1, inplace=False)
    (15): Conv2d(512, 512, kernel_size=(3, 3), stride=(1, 1), padding=(1, 1))
    (16): BatchNorm2d(512, eps=1e-05, momentum=0.1, affine=True, track_running_stats=True)
    (17): MaxPool2d(kernel_size=2, stride=2, padding=0, dilation=1, ceil_mode=False)
    (18): ReLU(inplace=True)
    (19): Dropout(p=0.1, inplace=False)
    (20): Conv2d(512, 512, kernel_size=(3, 3), stride=(1, 1), padding=(1, 1))
    (21): BatchNorm2d(512, eps=1e-05, momentum=0.1, affine=True, track_running_stats=True)
    (22): MaxPool2d(kernel_size=2, stride=2, padding=0, dilation=1, ceil_mode=False)
    (23): ReLU(inplace=True)
    (24): Flatten(start_dim=1, end_dim=-1)
    (25): Linear(in_features=512, out_features=10, bias=True)
  )
)
------------------------------------------------------------------
Parameters name 	Parameter size 

------------------------------------------------------------------
conv_layer.0.weight 	 3456
conv_layer.0.bias 	 128
conv_layer.1.weight 	 128
conv_layer.1.bias 	 128
conv_layer.5.weight 	 589824
conv_layer.5.bias 	 512
conv_layer.6.weight 	 512
conv_layer.6.bias 	 512
conv_layer.10.weight 	 2359296
conv_layer.10.bias 	 512
conv_layer.11.weight 	 512
conv_layer.11.bias 	 512
conv_layer.15.weight 	 2359296
conv_layer.15.bias 	 512
conv_layer.16.weight 	 512
conv_layer.16.bias 	 512
conv_layer.20.weight 	 2359296
conv_layer.20.bias 	 512
conv_layer.21.weight 	 512
conv_layer.21.bias 	 512
conv_layer.25.weight 	 5120
conv_layer.25.bias 	 10
Total number of trainable parameters:  7682826

Epoch [1/30], Step [100/245], Loss: 1.3632
Epoch [1/30], Step [200/245], Loss: 1.1392
Training accuracy is: 48.5041 %
Validataion accuracy is: 55.7 %
Validataion loss is: 1.1510
Epoch [2/30], Step [100/245], Loss: 0.9825
Epoch [2/30], Step [200/245], Loss: 0.9707
Training accuracy is: 66.3367 %
Validataion accuracy is: 61.4 %
Validataion loss is: 1.0776
SAVING best model
Epoch [3/30], Step [100/245], Loss: 0.8179
Epoch [3/30], Step [200/245], Loss: 0.7703
Training accuracy is: 71.4347 %
Validataion accuracy is: 71.4 %
Validataion loss is: 0.8054
SAVING best model
Epoch [4/30], Step [100/245], Loss: 0.8151
Epoch [4/30], Step [200/245], Loss: 0.6685
Training accuracy is: 75.1224 %
Validataion accuracy is: 69.9 %
Validataion loss is: 0.8658
Epoch [5/30], Step [100/245], Loss: 0.7092
Epoch [5/30], Step [200/245], Loss: 0.5436
Training accuracy is: 77.4857 %
Validataion accuracy is: 77.1 %
Validataion loss is: 0.6781
SAVING best model
Epoch [6/30], Step [100/245], Loss: 0.6507
Epoch [6/30], Step [200/245], Loss: 0.6458
Training accuracy is: 80.0061 %
Validataion accuracy is: 74.3 %
Validataion loss is: 0.7434
Epoch [7/30], Step [100/245], Loss: 0.3962
Epoch [7/30], Step [200/245], Loss: 0.4701
Training accuracy is: 81.5347 %
Validataion accuracy is: 77.7 %
Validataion loss is: 0.6682
SAVING best model
Epoch [8/30], Step [100/245], Loss: 0.3751
Epoch [8/30], Step [200/245], Loss: 0.3693
Training accuracy is: 83.1020 %
Validataion accuracy is: 79.9 %
Validataion loss is: 0.6333
SAVING best model
Epoch [9/30], Step [100/245], Loss: 0.5035
Epoch [9/30], Step [200/245], Loss: 0.5519
Training accuracy is: 84.4510 %
Validataion accuracy is: 77.7 %
Validataion loss is: 0.6481
Epoch [10/30], Step [100/245], Loss: 0.3645
Epoch [10/30], Step [200/245], Loss: 0.5336
Training accuracy is: 85.4653 %
Validataion accuracy is: 81.4 %
Validataion loss is: 0.5150
SAVING best model
Epoch [11/30], Step [100/245], Loss: 0.3540
Epoch [11/30], Step [200/245], Loss: 0.3248
Training accuracy is: 86.7082 %
Validataion accuracy is: 81.0 %
Validataion loss is: 0.5563
Epoch [12/30], Step [100/245], Loss: 0.4409
Epoch [12/30], Step [200/245], Loss: 0.4337
Training accuracy is: 87.6388 %
Validataion accuracy is: 83.1 %
Validataion loss is: 0.4816
SAVING best model
Epoch [13/30], Step [100/245], Loss: 0.3199
Epoch [13/30], Step [200/245], Loss: 0.4170
Training accuracy is: 88.3367 %
Validataion accuracy is: 85.2 %
Validataion loss is: 0.3930
SAVING best model
Epoch [14/30], Step [100/245], Loss: 0.2673
Epoch [14/30], Step [200/245], Loss: 0.3606
Training accuracy is: 89.2408 %
Validataion accuracy is: 84.0 %
Validataion loss is: 0.4759
Epoch [15/30], Step [100/245], Loss: 0.2608
Epoch [15/30], Step [200/245], Loss: 0.2859
Training accuracy is: 90.1837 %
Validataion accuracy is: 83.0 %
Validataion loss is: 0.5101
Epoch [16/30], Step [100/245], Loss: 0.2854
Epoch [16/30], Step [200/245], Loss: 0.2869
Training accuracy is: 91.1490 %
Validataion accuracy is: 84.3 %
Validataion loss is: 0.4076
Epoch [17/30], Step [100/245], Loss: 0.2426
Epoch [17/30], Step [200/245], Loss: 0.2002
Training accuracy is: 91.6837 %
Validataion accuracy is: 84.9 %
Validataion loss is: 0.4165
Epoch [18/30], Step [100/245], Loss: 0.2589
Epoch [18/30], Step [200/245], Loss: 0.2583
Training accuracy is: 92.1245 %
Validataion accuracy is: 84.5 %
Validataion loss is: 0.4069
EARLY STOPPING and saving the best model!
***LOADED BEST MODEL***
Accuracy of the network on the 1000 test images: 84.8 %